New log file opened at Sun Mar 15 19:36:41 PDT 2015 by 1918@Ethans-MacBook-Pro.local
Sending msg to client play-fork-run-9da8964a-cc41-436c-8fdf-e29c600f64ea: DetachedLogEvent(LogMessage(debug,sbt server socket logs are in: /Users/ema/Shaka/play_workspace1/my-first-app/.sbtserver/connections/master.log))
Sending msg to client play-fork-run-9da8964a-cc41-436c-8fdf-e29c600f64ea: DetachedLogEvent(LogMessage(debug,sbt client logs are in: /Users/ema/Shaka/play_workspace1/my-first-app/.sbtserver/connections/play-fork-run-9da8964a-cc41-436c-8fdf-e29c600f64ea.log))
Sending msg to client play-fork-run-9da8964a-cc41-436c-8fdf-e29c600f64ea: DetachedLogEvent(LogMessage(debug,sbt general server logs are in: /Users/ema/Shaka/play_workspace1/my-first-app/.sbtserver/master.log))
Reading next message from client.
Got request: ListenToEvents()
Reading next message from client.
Sending msg to client play-fork-run-9da8964a-cc41-436c-8fdf-e29c600f64ea: DetachedLogEvent(LogMessage(debug,> --initialize))
Sending msg to client play-fork-run-9da8964a-cc41-436c-8fdf-e29c600f64ea: (3,ReceivedResponse())
Sending msg to client play-fork-run-9da8964a-cc41-436c-8fdf-e29c600f64ea: DetachedLogEvent(LogMessage(debug,> initialize))
Sending msg to client play-fork-run-9da8964a-cc41-436c-8fdf-e29c600f64ea: DetachedLogEvent(LogMessage(debug,> onFailure load-failed))
Sending msg to client play-fork-run-9da8964a-cc41-436c-8fdf-e29c600f64ea: DetachedLogEvent(LogMessage(debug,> boot))
Sending msg to client play-fork-run-9da8964a-cc41-436c-8fdf-e29c600f64ea: DetachedLogEvent(LogMessage(debug,> reload))
Sending msg to client play-fork-run-9da8964a-cc41-436c-8fdf-e29c600f64ea: DetachedLogEvent(LogMessage(debug,[Loading] Scanning directory /Users/ema/.sbt/0.13/plugins/project))
Sending msg to client play-fork-run-9da8964a-cc41-436c-8fdf-e29c600f64ea: DetachedLogEvent(LogMessage(debug,[Loading] Found non-root projects ))
Sending msg to client play-fork-run-9da8964a-cc41-436c-8fdf-e29c600f64ea: DetachedLogEvent(LogMessage(debug,[Loading] Done in /Users/ema/.sbt/0.13/plugins/project, returning: ()))
Sending msg to client play-fork-run-9da8964a-cc41-436c-8fdf-e29c600f64ea: DetachedLogEvent(LogMessage(debug,deducing auto plugins based on known facts Set(Atom(sbt.plugins.CorePlugin)) and clauses Clauses(List(Clause(Atom(sbt.plugins.JvmPlugin),Set(Atom(sbt.plugins.IvyPlugin))), Clause(Atom(sbt.plugins.JUnitXmlReportPlugin),Set(Atom(sbt.plugins.JvmPlugin))), Clause(Atom(sbt.plugins.CorePlugin),Set(Atom(sbt.plugins.IvyPlugin))), Clause(Atom(sbt.plugins.IvyPlugin),Set(Atom(sbt.plugins.JvmPlugin))), Clause(Atom(sbt.plugins.JvmPlugin),Set(Atom(sbt.plugins.JUnitXmlReportPlugin)))))))
Sending msg to client play-fork-run-9da8964a-cc41-436c-8fdf-e29c600f64ea: DetachedLogEvent(LogMessage(debug,  :: deduced result: Matched(sbt.plugins.CorePlugin,sbt.plugins.IvyPlugin,sbt.plugins.JvmPlugin,sbt.plugins.JUnitXmlReportPlugin)))
Sending msg to client play-fork-run-9da8964a-cc41-436c-8fdf-e29c600f64ea: DetachedLogEvent(LogMessage(debug,sorting: ns: List(sbt.plugins.CorePlugin, sbt.plugins.IvyPlugin, sbt.plugins.JvmPlugin, sbt.plugins.JUnitXmlReportPlugin)))
Sending msg to client play-fork-run-9da8964a-cc41-436c-8fdf-e29c600f64ea: DetachedLogEvent(LogMessage(debug,  :: sorting:: found: List(sbt.plugins.CorePlugin) not found List(sbt.plugins.IvyPlugin, sbt.plugins.JvmPlugin, sbt.plugins.JUnitXmlReportPlugin)))
Sending msg to client play-fork-run-9da8964a-cc41-436c-8fdf-e29c600f64ea: DetachedLogEvent(LogMessage(debug,  :: sorting:: found: List(sbt.plugins.CorePlugin, sbt.plugins.IvyPlugin) not found List(sbt.plugins.JvmPlugin, sbt.plugins.JUnitXmlReportPlugin)))
Sending msg to client play-fork-run-9da8964a-cc41-436c-8fdf-e29c600f64ea: DetachedLogEvent(LogMessage(debug,  :: sorting:: found: List(sbt.plugins.CorePlugin, sbt.plugins.IvyPlugin, sbt.plugins.JvmPlugin) not found List(sbt.plugins.JUnitXmlReportPlugin)))
Sending msg to client play-fork-run-9da8964a-cc41-436c-8fdf-e29c600f64ea: DetachedLogEvent(LogMessage(debug,  :: sorting:: found: List(sbt.plugins.CorePlugin, sbt.plugins.IvyPlugin, sbt.plugins.JvmPlugin, sbt.plugins.JUnitXmlReportPlugin) not found List()))
Sending msg to client play-fork-run-9da8964a-cc41-436c-8fdf-e29c600f64ea: DetachedLogEvent(LogMessage(debug,  :: sorted deduced result: List(sbt.plugins.CorePlugin, sbt.plugins.IvyPlugin, sbt.plugins.JvmPlugin, sbt.plugins.JUnitXmlReportPlugin)))
Sending msg to client play-fork-run-9da8964a-cc41-436c-8fdf-e29c600f64ea: DetachedLogEvent(LogMessage(debug,[Loading] Done in /Users/ema/.sbt/0.13/plugins/project, returning: (global-plugins-build)))
Sending msg to client play-fork-run-9da8964a-cc41-436c-8fdf-e29c600f64ea: DetachedLogEvent(LogMessage(info,Loading global plugins from /Users/ema/.sbt/0.13/plugins/project))
Sending msg to client play-fork-run-9da8964a-cc41-436c-8fdf-e29c600f64ea: DetachedLogEvent(LogMessage(debug,Running task... Cancel: sbt.TaskCancellationStrategy$Null$@34ba781a, check cycles: false))
Sending msg to client play-fork-run-9da8964a-cc41-436c-8fdf-e29c600f64ea: DetachedLogEvent(LogMessage(debug,
Initial source changes: 
	removed:Set()
	added: Set()
	modified: Set()
Removed products: Set()
External API changes: API Changes: Set()
Modified binary dependencies: Set()
Initial directly invalidated sources: Set()

Sources indirectly invalidated by:
	product: Set()
	binary dep: Set()
	external source: Set()))
Sending msg to client play-fork-run-9da8964a-cc41-436c-8fdf-e29c600f64ea: DetachedLogEvent(LogMessage(debug,All initially invalidated sources: Set()
))
Sending msg to client play-fork-run-9da8964a-cc41-436c-8fdf-e29c600f64ea: DetachedLogEvent(LogMessage(debug,Copy resource mappings: 
	))
Sending msg to client play-fork-run-9da8964a-cc41-436c-8fdf-e29c600f64ea: DetachedLogEvent(LogMessage(debug,[Loading] Scanning directory /Users/ema/.sbt/0.13/plugins))
Sending msg to client play-fork-run-9da8964a-cc41-436c-8fdf-e29c600f64ea: DetachedLogEvent(LogMessage(debug,[Loading] Found non-root projects ))
Sending msg to client play-fork-run-9da8964a-cc41-436c-8fdf-e29c600f64ea: DetachedLogEvent(LogMessage(debug,[Loading] Done in /Users/ema/.sbt/0.13/plugins, returning: ()))
Sending msg to client play-fork-run-9da8964a-cc41-436c-8fdf-e29c600f64ea: DetachedLogEvent(LogMessage(debug,deducing auto plugins based on known facts Set(Atom(sbt.plugins.CorePlugin)) and clauses Clauses(List(Clause(Atom(sbt.plugins.JvmPlugin),Set(Atom(sbt.plugins.IvyPlugin))), Clause(Atom(sbt.plugins.JUnitXmlReportPlugin),Set(Atom(sbt.plugins.JvmPlugin))), Clause(Atom(sbt.plugins.CorePlugin),Set(Atom(sbt.plugins.IvyPlugin))), Clause(Atom(sbt.plugins.IvyPlugin),Set(Atom(sbt.plugins.JvmPlugin))), Clause(Atom(sbt.plugins.JvmPlugin),Set(Atom(sbt.plugins.JUnitXmlReportPlugin)))))))
Sending msg to client play-fork-run-9da8964a-cc41-436c-8fdf-e29c600f64ea: DetachedLogEvent(LogMessage(debug,  :: deduced result: Matched(sbt.plugins.CorePlugin,sbt.plugins.IvyPlugin,sbt.plugins.JvmPlugin,sbt.plugins.JUnitXmlReportPlugin)))
Sending msg to client play-fork-run-9da8964a-cc41-436c-8fdf-e29c600f64ea: DetachedLogEvent(LogMessage(debug,sorting: ns: List(sbt.plugins.CorePlugin, sbt.plugins.IvyPlugin, sbt.plugins.JvmPlugin, sbt.plugins.JUnitXmlReportPlugin)))
Sending msg to client play-fork-run-9da8964a-cc41-436c-8fdf-e29c600f64ea: DetachedLogEvent(LogMessage(debug,  :: sorting:: found: List(sbt.plugins.CorePlugin) not found List(sbt.plugins.IvyPlugin, sbt.plugins.JvmPlugin, sbt.plugins.JUnitXmlReportPlugin)))
Sending msg to client play-fork-run-9da8964a-cc41-436c-8fdf-e29c600f64ea: DetachedLogEvent(LogMessage(debug,  :: sorting:: found: List(sbt.plugins.CorePlugin, sbt.plugins.IvyPlugin) not found List(sbt.plugins.JvmPlugin, sbt.plugins.JUnitXmlReportPlugin)))
Sending msg to client play-fork-run-9da8964a-cc41-436c-8fdf-e29c600f64ea: DetachedLogEvent(LogMessage(debug,  :: sorting:: found: List(sbt.plugins.CorePlugin, sbt.plugins.IvyPlugin, sbt.plugins.JvmPlugin) not found List(sbt.plugins.JUnitXmlReportPlugin)))
Sending msg to client play-fork-run-9da8964a-cc41-436c-8fdf-e29c600f64ea: DetachedLogEvent(LogMessage(debug,  :: sorting:: found: List(sbt.plugins.CorePlugin, sbt.plugins.IvyPlugin, sbt.plugins.JvmPlugin, sbt.plugins.JUnitXmlReportPlugin) not found List()))
Sending msg to client play-fork-run-9da8964a-cc41-436c-8fdf-e29c600f64ea: DetachedLogEvent(LogMessage(debug,  :: sorted deduced result: List(sbt.plugins.CorePlugin, sbt.plugins.IvyPlugin, sbt.plugins.JvmPlugin, sbt.plugins.JUnitXmlReportPlugin)))
Sending msg to client play-fork-run-9da8964a-cc41-436c-8fdf-e29c600f64ea: DetachedLogEvent(LogMessage(debug,[Loading] Done in /Users/ema/.sbt/0.13/plugins, returning: (global-plugins)))
Sending msg to client play-fork-run-9da8964a-cc41-436c-8fdf-e29c600f64ea: DetachedLogEvent(LogMessage(info,Loading global plugins from /Users/ema/.sbt/0.13/plugins))
Sending msg to client play-fork-run-9da8964a-cc41-436c-8fdf-e29c600f64ea: DetachedLogEvent(LogMessage(debug,Running task... Cancel: sbt.TaskCancellationStrategy$Null$@34ba781a, check cycles: false))
Sending msg to client play-fork-run-9da8964a-cc41-436c-8fdf-e29c600f64ea: DetachedLogEvent(LogMessage(debug,
Initial source changes: 
	removed:Set()
	added: Set()
	modified: Set()
Removed products: Set()
External API changes: API Changes: Set()
Modified binary dependencies: Set()
Initial directly invalidated sources: Set()

Sources indirectly invalidated by:
	product: Set()
	binary dep: Set()
	external source: Set()))
Sending msg to client play-fork-run-9da8964a-cc41-436c-8fdf-e29c600f64ea: DetachedLogEvent(LogMessage(debug,All initially invalidated sources: Set()
))
Sending msg to client play-fork-run-9da8964a-cc41-436c-8fdf-e29c600f64ea: DetachedLogEvent(LogMessage(debug,Copy resource mappings: 
	))
Sending msg to client play-fork-run-9da8964a-cc41-436c-8fdf-e29c600f64ea: DetachedLogEvent(LogMessage(debug,Other repositories:))
Sending msg to client play-fork-run-9da8964a-cc41-436c-8fdf-e29c600f64ea: DetachedLogEvent(LogMessage(debug,Default repositories:))
Sending msg to client play-fork-run-9da8964a-cc41-436c-8fdf-e29c600f64ea: DetachedLogEvent(LogMessage(debug,Using inline dependencies specified in Scala.))
Sending msg to client play-fork-run-9da8964a-cc41-436c-8fdf-e29c600f64ea: DetachedLogEvent(LogMessage(debug,[Loading] Scanning directory /Users/ema/Shaka/play_workspace1/my-first-app/project))
Sending msg to client play-fork-run-9da8964a-cc41-436c-8fdf-e29c600f64ea: DetachedLogEvent(LogMessage(debug,[Loading] Found non-root projects ))
Sending msg to client play-fork-run-9da8964a-cc41-436c-8fdf-e29c600f64ea: DetachedLogEvent(LogMessage(debug,[Loading] Done in /Users/ema/Shaka/play_workspace1/my-first-app/project, returning: ()))
Sending msg to client play-fork-run-9da8964a-cc41-436c-8fdf-e29c600f64ea: DetachedLogEvent(LogMessage(debug,deducing auto plugins based on known facts Set(Atom(sbt.plugins.CorePlugin)) and clauses Clauses(List(Clause(Atom(sbt.plugins.JvmPlugin),Set(Atom(sbt.plugins.IvyPlugin))), Clause(Atom(sbt.plugins.JUnitXmlReportPlugin),Set(Atom(sbt.plugins.JvmPlugin))), Clause(Atom(sbt.plugins.CorePlugin),Set(Atom(sbt.plugins.IvyPlugin))), Clause(Atom(sbt.plugins.IvyPlugin),Set(Atom(sbt.plugins.JvmPlugin))), Clause(Atom(sbt.plugins.JvmPlugin),Set(Atom(sbt.plugins.JUnitXmlReportPlugin)))))))
Sending msg to client play-fork-run-9da8964a-cc41-436c-8fdf-e29c600f64ea: DetachedLogEvent(LogMessage(debug,  :: deduced result: Matched(sbt.plugins.CorePlugin,sbt.plugins.IvyPlugin,sbt.plugins.JvmPlugin,sbt.plugins.JUnitXmlReportPlugin)))
Sending msg to client play-fork-run-9da8964a-cc41-436c-8fdf-e29c600f64ea: DetachedLogEvent(LogMessage(debug,sorting: ns: List(sbt.plugins.CorePlugin, sbt.plugins.IvyPlugin, sbt.plugins.JvmPlugin, sbt.plugins.JUnitXmlReportPlugin)))
Sending msg to client play-fork-run-9da8964a-cc41-436c-8fdf-e29c600f64ea: DetachedLogEvent(LogMessage(debug,  :: sorting:: found: List(sbt.plugins.CorePlugin) not found List(sbt.plugins.IvyPlugin, sbt.plugins.JvmPlugin, sbt.plugins.JUnitXmlReportPlugin)))
Sending msg to client play-fork-run-9da8964a-cc41-436c-8fdf-e29c600f64ea: DetachedLogEvent(LogMessage(debug,  :: sorting:: found: List(sbt.plugins.CorePlugin, sbt.plugins.IvyPlugin) not found List(sbt.plugins.JvmPlugin, sbt.plugins.JUnitXmlReportPlugin)))
Sending msg to client play-fork-run-9da8964a-cc41-436c-8fdf-e29c600f64ea: DetachedLogEvent(LogMessage(debug,  :: sorting:: found: List(sbt.plugins.CorePlugin, sbt.plugins.IvyPlugin, sbt.plugins.JvmPlugin) not found List(sbt.plugins.JUnitXmlReportPlugin)))
Sending msg to client play-fork-run-9da8964a-cc41-436c-8fdf-e29c600f64ea: DetachedLogEvent(LogMessage(debug,  :: sorting:: found: List(sbt.plugins.CorePlugin, sbt.plugins.IvyPlugin, sbt.plugins.JvmPlugin, sbt.plugins.JUnitXmlReportPlugin) not found List()))
Sending msg to client play-fork-run-9da8964a-cc41-436c-8fdf-e29c600f64ea: DetachedLogEvent(LogMessage(debug,  :: sorted deduced result: List(sbt.plugins.CorePlugin, sbt.plugins.IvyPlugin, sbt.plugins.JvmPlugin, sbt.plugins.JUnitXmlReportPlugin)))
Sending msg to client play-fork-run-9da8964a-cc41-436c-8fdf-e29c600f64ea: DetachedLogEvent(LogMessage(debug,[Loading] Done in /Users/ema/Shaka/play_workspace1/my-first-app/project, returning: (my-first-app-build)))
Sending msg to client play-fork-run-9da8964a-cc41-436c-8fdf-e29c600f64ea: DetachedLogEvent(LogMessage(info,Loading project definition from /Users/ema/Shaka/play_workspace1/my-first-app/project))
Sending msg to client play-fork-run-9da8964a-cc41-436c-8fdf-e29c600f64ea: DetachedLogEvent(LogMessage(debug,Running task... Cancel: sbt.TaskCancellationStrategy$Null$@34ba781a, check cycles: false))
Sending msg to client play-fork-run-9da8964a-cc41-436c-8fdf-e29c600f64ea: DetachedLogEvent(LogMessage(debug,
Initial source changes: 
	removed:Set()
	added: Set()
	modified: Set()
Removed products: Set()
External API changes: API Changes: Set()
Modified binary dependencies: Set()
Initial directly invalidated sources: Set()

Sources indirectly invalidated by:
	product: Set()
	binary dep: Set()
	external source: Set()))
Sending msg to client play-fork-run-9da8964a-cc41-436c-8fdf-e29c600f64ea: DetachedLogEvent(LogMessage(debug,All initially invalidated sources: Set()
))
Sending msg to client play-fork-run-9da8964a-cc41-436c-8fdf-e29c600f64ea: DetachedLogEvent(LogMessage(debug,Copy resource mappings: 
	))
Sending msg to client play-fork-run-9da8964a-cc41-436c-8fdf-e29c600f64ea: DetachedLogEvent(LogMessage(debug,[Loading] Scanning directory /Users/ema/Shaka/play_workspace1/my-first-app))
Sending msg to client play-fork-run-9da8964a-cc41-436c-8fdf-e29c600f64ea: DetachedLogEvent(LogMessage(debug,[Loading] Found root project root w/ remaining ))
Sending msg to client play-fork-run-9da8964a-cc41-436c-8fdf-e29c600f64ea: DetachedLogEvent(LogMessage(debug,deducing auto plugins based on known facts Set(Atom(play.PlayScala), Atom(sbt.plugins.CorePlugin)) and clauses Clauses(List(Clause(Atom(sbt.plugins.JvmPlugin),Set(Atom(sbt.plugins.IvyPlugin))), Clause(Atom(sbt.plugins.JUnitXmlReportPlugin),Set(Atom(sbt.plugins.JvmPlugin))), Clause(Atom(play.sbt.forkrun.PlayForkRun),Set(Atom(sbt.plugins.BackgroundRunPlugin))), Clause(Atom(play.sbt.forkrun.PlayForkRun),Set(Atom(play.Play))), Clause(Atom(play.sbt.forkrun.PlayForkRun),Set(Atom(sbt.plugins.SerializersPlugin))), Clause(Atom(play.Play),Set(Atom(com.typesafe.sbt.webdriver.SbtWebDriver))), Clause(Atom(play.Play),Set(Atom(play.twirl.sbt.SbtTwirl))), Clause(Atom(play.Play),Set(Atom(com.typesafe.sbt.jse.SbtJsTask))), Clause(Atom(play.PlayJava),Set(Atom(play.Play))), Clause(Atom(play.PlayScala),Set(Atom(play.Play))), Clause(Atom(play.twirl.sbt.SbtTwirl),Set(Atom(sbt.plugins.JvmPlugin))), Clause(Atom(com.typesafe.sbt.jse.SbtJsEngine),Set(Atom(com.typesafe.sbt.web.SbtWeb))), Clause(Atom(com.typesafe.sbt.jse.SbtJsTask),Set(Atom(com.typesafe.sbt.jse.SbtJsEngine))), Clause(Atom(com.typesafe.sbt.webdriver.SbtWebDriver),Set(Atom(com.typesafe.sbt.web.SbtWeb))), Clause(Atom(sbt.plugins.BackgroundRunPlugin),Set(Atom(sbt.plugins.JvmPlugin))), Clause(Atom(com.typesafe.sbt.coffeescript.SbtCoffeeScript),Set(Atom(com.typesafe.sbt.jse.SbtJsTask))), Clause(Atom(com.typesafe.sbt.less.SbtLess),Set(Atom(com.typesafe.sbt.jse.SbtJsTask))), Clause(Atom(com.typesafe.sbt.jshint.SbtJSHint),Set(Atom(com.typesafe.sbt.jse.SbtJsTask))), Clause(Atom(com.typesafe.sbt.rjs.SbtRjs),Set(Atom(com.typesafe.sbt.jse.SbtJsTask))), Clause(Atom(com.typesafe.sbt.digest.SbtDigest),Set(Atom(com.typesafe.sbt.web.SbtWeb))), Clause(Atom(com.typesafe.sbt.mocha.SbtMocha),Set(Atom(com.typesafe.sbt.jse.SbtJsTask))), Clause(Atom(sbt.plugins.CorePlugin),Set(Atom(sbt.plugins.IvyPlugin))), Clause(Atom(sbt.plugins.IvyPlugin),Set(Atom(sbt.plugins.JvmPlugin))), Clause(Atom(sbt.plugins.JvmPlugin),Set(Atom(sbt.plugins.JUnitXmlReportPlugin))), Clause(And(Set(Atom(sbt.plugins.BackgroundRunPlugin), Atom(play.Play), Atom(sbt.plugins.SerializersPlugin))),Set(Atom(play.sbt.forkrun.PlayForkRun))), Clause(Atom(com.typesafe.sbt.web.SbtWeb),Set(Atom(com.typesafe.sbt.jse.SbtJsEngine))), Clause(Atom(com.typesafe.sbt.jse.SbtJsEngine),Set(Atom(com.typesafe.sbt.jse.SbtJsTask))), Clause(Atom(com.typesafe.sbt.web.SbtWeb),Set(Atom(com.typesafe.sbt.webdriver.SbtWebDriver))), Clause(Atom(sbt.plugins.JvmPlugin),Set(Atom(sbt.plugins.BackgroundRunPlugin))), Clause(Atom(sbt.plugins.CorePlugin),Set(Atom(sbt.plugins.InteractionServicePlugin))), Clause(Atom(sbt.plugins.CorePlugin),Set(Atom(sbt.plugins.SendEventServicePlugin))), Clause(Atom(sbt.plugins.CorePlugin),Set(Atom(sbt.plugins.SerializersPlugin))), Clause(Atom(com.typesafe.sbt.jse.SbtJsTask),Set(Atom(com.typesafe.sbt.coffeescript.SbtCoffeeScript))), Clause(Atom(com.typesafe.sbt.jse.SbtJsTask),Set(Atom(com.typesafe.sbt.less.SbtLess))), Clause(Atom(com.typesafe.sbt.jse.SbtJsTask),Set(Atom(com.typesafe.sbt.jshint.SbtJSHint))), Clause(Atom(com.typesafe.sbt.jse.SbtJsTask),Set(Atom(com.typesafe.sbt.rjs.SbtRjs))), Clause(Atom(com.typesafe.sbt.web.SbtWeb),Set(Atom(com.typesafe.sbt.digest.SbtDigest))), Clause(Atom(com.typesafe.sbt.jse.SbtJsTask),Set(Atom(com.typesafe.sbt.mocha.SbtMocha)))))))
Sending msg to client play-fork-run-9da8964a-cc41-436c-8fdf-e29c600f64ea: DetachedLogEvent(LogMessage(debug,  :: deduced result: Matched(sbt.plugins.CorePlugin,play.PlayScala,sbt.plugins.InteractionServicePlugin,sbt.plugins.SendEventServicePlugin,play.Play,sbt.plugins.SerializersPlugin,sbt.plugins.IvyPlugin,sbt.plugins.JvmPlugin,com.typesafe.sbt.jse.SbtJsTask,play.twirl.sbt.SbtTwirl,com.typesafe.sbt.webdriver.SbtWebDriver,com.typesafe.sbt.jshint.SbtJSHint,sbt.plugins.JUnitXmlReportPlugin,com.typesafe.sbt.mocha.SbtMocha,com.typesafe.sbt.less.SbtLess,com.typesafe.sbt.web.SbtWeb,com.typesafe.sbt.rjs.SbtRjs,com.typesafe.sbt.jse.SbtJsEngine,com.typesafe.sbt.coffeescript.SbtCoffeeScript,sbt.plugins.BackgroundRunPlugin,com.typesafe.sbt.digest.SbtDigest,play.sbt.forkrun.PlayForkRun)))
Sending msg to client play-fork-run-9da8964a-cc41-436c-8fdf-e29c600f64ea: DetachedLogEvent(LogMessage(debug,sorting: ns: List(sbt.plugins.CorePlugin, play.PlayScala, sbt.plugins.InteractionServicePlugin, sbt.plugins.SendEventServicePlugin, play.Play, sbt.plugins.SerializersPlugin, sbt.plugins.IvyPlugin, sbt.plugins.JvmPlugin, com.typesafe.sbt.jse.SbtJsTask, play.twirl.sbt.SbtTwirl, com.typesafe.sbt.webdriver.SbtWebDriver, com.typesafe.sbt.jshint.SbtJSHint, sbt.plugins.JUnitXmlReportPlugin, com.typesafe.sbt.mocha.SbtMocha, com.typesafe.sbt.less.SbtLess, com.typesafe.sbt.web.SbtWeb, com.typesafe.sbt.rjs.SbtRjs, com.typesafe.sbt.jse.SbtJsEngine, com.typesafe.sbt.coffeescript.SbtCoffeeScript, sbt.plugins.BackgroundRunPlugin, com.typesafe.sbt.digest.SbtDigest, play.sbt.forkrun.PlayForkRun)))
Sending msg to client play-fork-run-9da8964a-cc41-436c-8fdf-e29c600f64ea: DetachedLogEvent(LogMessage(debug,  :: sorting:: found: List(sbt.plugins.CorePlugin, com.typesafe.sbt.web.SbtWeb) not found List(play.PlayScala, sbt.plugins.InteractionServicePlugin, sbt.plugins.SendEventServicePlugin, play.Play, sbt.plugins.SerializersPlugin, sbt.plugins.IvyPlugin, sbt.plugins.JvmPlugin, com.typesafe.sbt.jse.SbtJsTask, play.twirl.sbt.SbtTwirl, com.typesafe.sbt.webdriver.SbtWebDriver, com.typesafe.sbt.jshint.SbtJSHint, sbt.plugins.JUnitXmlReportPlugin, com.typesafe.sbt.mocha.SbtMocha, com.typesafe.sbt.less.SbtLess, com.typesafe.sbt.rjs.SbtRjs, com.typesafe.sbt.jse.SbtJsEngine, com.typesafe.sbt.coffeescript.SbtCoffeeScript, sbt.plugins.BackgroundRunPlugin, com.typesafe.sbt.digest.SbtDigest, play.sbt.forkrun.PlayForkRun)))
Sending msg to client play-fork-run-9da8964a-cc41-436c-8fdf-e29c600f64ea: DetachedLogEvent(LogMessage(debug,  :: sorting:: found: List(sbt.plugins.CorePlugin, com.typesafe.sbt.web.SbtWeb, sbt.plugins.InteractionServicePlugin, sbt.plugins.SendEventServicePlugin, sbt.plugins.SerializersPlugin, sbt.plugins.IvyPlugin, com.typesafe.sbt.webdriver.SbtWebDriver, com.typesafe.sbt.jse.SbtJsEngine, com.typesafe.sbt.digest.SbtDigest) not found List(play.PlayScala, play.Play, sbt.plugins.JvmPlugin, com.typesafe.sbt.jse.SbtJsTask, play.twirl.sbt.SbtTwirl, com.typesafe.sbt.jshint.SbtJSHint, sbt.plugins.JUnitXmlReportPlugin, com.typesafe.sbt.mocha.SbtMocha, com.typesafe.sbt.less.SbtLess, com.typesafe.sbt.rjs.SbtRjs, com.typesafe.sbt.coffeescript.SbtCoffeeScript, sbt.plugins.BackgroundRunPlugin, play.sbt.forkrun.PlayForkRun)))
Sending msg to client play-fork-run-9da8964a-cc41-436c-8fdf-e29c600f64ea: DetachedLogEvent(LogMessage(debug,  :: sorting:: found: List(sbt.plugins.CorePlugin, com.typesafe.sbt.web.SbtWeb, sbt.plugins.InteractionServicePlugin, sbt.plugins.SendEventServicePlugin, sbt.plugins.SerializersPlugin, sbt.plugins.IvyPlugin, com.typesafe.sbt.webdriver.SbtWebDriver, com.typesafe.sbt.jse.SbtJsEngine, com.typesafe.sbt.digest.SbtDigest, sbt.plugins.JvmPlugin, com.typesafe.sbt.jse.SbtJsTask) not found List(play.PlayScala, play.Play, play.twirl.sbt.SbtTwirl, com.typesafe.sbt.jshint.SbtJSHint, sbt.plugins.JUnitXmlReportPlugin, com.typesafe.sbt.mocha.SbtMocha, com.typesafe.sbt.less.SbtLess, com.typesafe.sbt.rjs.SbtRjs, com.typesafe.sbt.coffeescript.SbtCoffeeScript, sbt.plugins.BackgroundRunPlugin, play.sbt.forkrun.PlayForkRun)))
Sending msg to client play-fork-run-9da8964a-cc41-436c-8fdf-e29c600f64ea: DetachedLogEvent(LogMessage(debug,  :: sorting:: found: List(sbt.plugins.CorePlugin, com.typesafe.sbt.web.SbtWeb, sbt.plugins.InteractionServicePlugin, sbt.plugins.SendEventServicePlugin, sbt.plugins.SerializersPlugin, sbt.plugins.IvyPlugin, com.typesafe.sbt.webdriver.SbtWebDriver, com.typesafe.sbt.jse.SbtJsEngine, com.typesafe.sbt.digest.SbtDigest, sbt.plugins.JvmPlugin, com.typesafe.sbt.jse.SbtJsTask, play.twirl.sbt.SbtTwirl, com.typesafe.sbt.jshint.SbtJSHint, sbt.plugins.JUnitXmlReportPlugin, com.typesafe.sbt.mocha.SbtMocha, com.typesafe.sbt.less.SbtLess, com.typesafe.sbt.rjs.SbtRjs, com.typesafe.sbt.coffeescript.SbtCoffeeScript, sbt.plugins.BackgroundRunPlugin) not found List(play.PlayScala, play.Play, play.sbt.forkrun.PlayForkRun)))
Sending msg to client play-fork-run-9da8964a-cc41-436c-8fdf-e29c600f64ea: DetachedLogEvent(LogMessage(debug,  :: sorting:: found: List(sbt.plugins.CorePlugin, com.typesafe.sbt.web.SbtWeb, sbt.plugins.InteractionServicePlugin, sbt.plugins.SendEventServicePlugin, sbt.plugins.SerializersPlugin, sbt.plugins.IvyPlugin, com.typesafe.sbt.webdriver.SbtWebDriver, com.typesafe.sbt.jse.SbtJsEngine, com.typesafe.sbt.digest.SbtDigest, sbt.plugins.JvmPlugin, com.typesafe.sbt.jse.SbtJsTask, play.twirl.sbt.SbtTwirl, com.typesafe.sbt.jshint.SbtJSHint, sbt.plugins.JUnitXmlReportPlugin, com.typesafe.sbt.mocha.SbtMocha, com.typesafe.sbt.less.SbtLess, com.typesafe.sbt.rjs.SbtRjs, com.typesafe.sbt.coffeescript.SbtCoffeeScript, sbt.plugins.BackgroundRunPlugin, play.Play) not found List(play.PlayScala, play.sbt.forkrun.PlayForkRun)))
Sending msg to client play-fork-run-9da8964a-cc41-436c-8fdf-e29c600f64ea: DetachedLogEvent(LogMessage(debug,  :: sorting:: found: List(sbt.plugins.CorePlugin, com.typesafe.sbt.web.SbtWeb, sbt.plugins.InteractionServicePlugin, sbt.plugins.SendEventServicePlugin, sbt.plugins.SerializersPlugin, sbt.plugins.IvyPlugin, com.typesafe.sbt.webdriver.SbtWebDriver, com.typesafe.sbt.jse.SbtJsEngine, com.typesafe.sbt.digest.SbtDigest, sbt.plugins.JvmPlugin, com.typesafe.sbt.jse.SbtJsTask, play.twirl.sbt.SbtTwirl, com.typesafe.sbt.jshint.SbtJSHint, sbt.plugins.JUnitXmlReportPlugin, com.typesafe.sbt.mocha.SbtMocha, com.typesafe.sbt.less.SbtLess, com.typesafe.sbt.rjs.SbtRjs, com.typesafe.sbt.coffeescript.SbtCoffeeScript, sbt.plugins.BackgroundRunPlugin, play.Play, play.PlayScala, play.sbt.forkrun.PlayForkRun) not found List()))
Sending msg to client play-fork-run-9da8964a-cc41-436c-8fdf-e29c600f64ea: DetachedLogEvent(LogMessage(debug,  :: sorted deduced result: List(sbt.plugins.CorePlugin, com.typesafe.sbt.web.SbtWeb, sbt.plugins.InteractionServicePlugin, sbt.plugins.SendEventServicePlugin, sbt.plugins.SerializersPlugin, sbt.plugins.IvyPlugin, com.typesafe.sbt.webdriver.SbtWebDriver, com.typesafe.sbt.jse.SbtJsEngine, com.typesafe.sbt.digest.SbtDigest, sbt.plugins.JvmPlugin, com.typesafe.sbt.jse.SbtJsTask, play.twirl.sbt.SbtTwirl, com.typesafe.sbt.jshint.SbtJSHint, sbt.plugins.JUnitXmlReportPlugin, com.typesafe.sbt.mocha.SbtMocha, com.typesafe.sbt.less.SbtLess, com.typesafe.sbt.rjs.SbtRjs, com.typesafe.sbt.coffeescript.SbtCoffeeScript, sbt.plugins.BackgroundRunPlugin, play.Play, play.PlayScala, play.sbt.forkrun.PlayForkRun)))
Sending msg to client play-fork-run-9da8964a-cc41-436c-8fdf-e29c600f64ea: DetachedLogEvent(LogMessage(debug,[Loading] Done in /Users/ema/Shaka/play_workspace1/my-first-app, returning: (root)))
Sending msg to client play-fork-run-9da8964a-cc41-436c-8fdf-e29c600f64ea: DetachedLogEvent(LogMessage(info,Set current project to my-first-app (in build file:/Users/ema/Shaka/play_workspace1/my-first-app/)))
Sending msg to client play-fork-run-9da8964a-cc41-436c-8fdf-e29c600f64ea: DetachedLogEvent(LogMessage(info,Reapplying settings...))
Sending msg to client play-fork-run-9da8964a-cc41-436c-8fdf-e29c600f64ea: DetachedLogEvent(LogMessage(info,Set current project to my-first-app (in build file:/Users/ema/Shaka/play_workspace1/my-first-app/)))
Sending msg to client play-fork-run-9da8964a-cc41-436c-8fdf-e29c600f64ea: DetachedLogEvent(LogMessage(debug,> iflast shell))
Sending msg to client play-fork-run-9da8964a-cc41-436c-8fdf-e29c600f64ea: DetachedLogEvent(LogMessage(debug,> server-send-ready-for-request))
Sending msg to client play-fork-run-9da8964a-cc41-436c-8fdf-e29c600f64ea: BuildLoaded()
Sending msg to client play-fork-run-9da8964a-cc41-436c-8fdf-e29c600f64ea: DetachedLogEvent(LogMessage(debug,> server-handle-next-server-request))
Got request: UnlistenToEvents()
Reading next message from client.
Sending msg to client play-fork-run-9da8964a-cc41-436c-8fdf-e29c600f64ea: (4,ReceivedResponse())
Got request: ListenToValue(AttributeKey[play.forkrun.protocol.ForkConfig]("playForkConfig") in Scope(Build: file:/Users/ema/Shaka/play_workspace1/my-first-app/, , Project: ProjectReference(file:/Users/ema/Shaka/play_workspace1/my-first-app/,root)))
Reading next message from client.
Got request: UnlistenToValue(AttributeKey[play.forkrun.protocol.ForkConfig]("playForkConfig") in Scope(Build: file:/Users/ema/Shaka/play_workspace1/my-first-app/, , Project: ProjectReference(file:/Users/ema/Shaka/play_workspace1/my-first-app/,root)))
Reading next message from client.
Got request: ListenToValue(AttributeKey[play.runsupport.Reloader$CompileResult]("playForkReload") in Scope(Build: file:/Users/ema/Shaka/play_workspace1/my-first-app/, , Project: ProjectReference(file:/Users/ema/Shaka/play_workspace1/my-first-app/,root)))
Reading next message from client.
Got request: UnlistenToValue(AttributeKey[play.runsupport.Reloader$CompileResult]("playForkReload") in Scope(Build: file:/Users/ema/Shaka/play_workspace1/my-first-app/, , Project: ProjectReference(file:/Users/ema/Shaka/play_workspace1/my-first-app/,root)))
Reading next message from client.
Client play-fork-run-9da8964a-cc41-436c-8fdf-e29c600f64ea closed, java.net.SocketException: Connection reset, shutting down
Stopping client.
Client play-fork-run-9da8964a-cc41-436c-8fdf-e29c600f64ea thread exiting.
Dropping message (5,ReceivedResponse()) to dead client play-fork-run-9da8964a-cc41-436c-8fdf-e29c600f64ea
Dropping message (6,ReceivedResponse()) to dead client play-fork-run-9da8964a-cc41-436c-8fdf-e29c600f64ea
Dropping message (7,ReceivedResponse()) to dead client play-fork-run-9da8964a-cc41-436c-8fdf-e29c600f64ea
Dropping message (8,ReceivedResponse()) to dead client play-fork-run-9da8964a-cc41-436c-8fdf-e29c600f64ea
Dropping message (0,ReceivedResponse()) to dead client play-fork-run-9da8964a-cc41-436c-8fdf-e29c600f64ea
